on processing 022_step_function
on processing 211_step_function
on processing 31_step_function
on processing 321_step_function
on processing 400_step_function
on processing 413_step_function
on processing 430_step_function
on processing 002_quartic_noise_function
on processing 21_quartic_noise_function
on processing 221_quartic_noise_function
on processing 322_quartic_noise_function
on processing 012_rastrigin_function
on processing 21_rastrigin_function
on processing 221_rastrigin_function
on processing 313_rastrigin_function
on processing 332_rastrigin_function
on processing 01_ackley_function
on processing 02_ackley_function
on processing 03_ackley_function
on processing 032_ackley_function
on processing 21_ackley_function
on processing 220_ackley_function
on processing 311_ackley_function
on processing 323_ackley_function
on processing 41_ackley_function
on processing 431_ackley_function
on processing 023_gold_stein_price_function
on processing 03_gold_stein_price_function
on processing 031_gold_stein_price_function
on processing 120_gold_stein_price_function
on processing 131_gold_stein_price_function
on processing 211_gold_stein_price_function
on processing 233_gold_stein_price_function
on processing 30_gold_stein_price_function
on processing 300_gold_stein_price_function
on processing 310_gold_stein_price_function
on processing 313_gold_stein_price_function
on processing 32_gold_stein_price_function
on processing 321_gold_stein_price_function
on processing 330_gold_stein_price_function
on processing 400_gold_stein_price_function
on processing 403_gold_stein_price_function
on processing 41_gold_stein_price_function
on processing 420_gold_stein_price_function
on processing 422_gold_stein_price_function
on processing 010_shekel_function
on processing 033_shekel_function
on processing 12_shekel_function
on processing 131_shekel_function
on processing 22_shekel_function
on processing 23_shekel_function
on processing 230_shekel_function
on processing 333_shekel_function
on processing 410_shekel_function
on processing 422_shekel_function
on processing 012_step_function
on processing 212_step_function
on processing 030_quartic_noise_function
on processing 120_quartic_noise_function
on processing 201_quartic_noise_function
on processing 300_quartic_noise_function
on processing 311_quartic_noise_function
on processing 330_quartic_noise_function
on processing 403_quartic_noise_function
on processing 420_quartic_noise_function
on processing 432_quartic_noise_function
on processing 021_rastrigin_function
on processing 11_rastrigin_function
on processing 122_rastrigin_function
on processing 231_rastrigin_function
on processing 331_rastrigin_function
on processing 41_rastrigin_function
on processing 423_rastrigin_function
on processing 002_ackley_function
on processing 103_ackley_function
on processing 122_ackley_function
on processing 221_ackley_function
on processing 313_ackley_function
on processing 330_ackley_function
on processing 401_ackley_function
on processing 420_ackley_function
on processing 432_ackley_function
on processing 210_shekel_function
on processing 300_shekel_function
on processing 311_shekel_function
on processing 323_shekel_function
on processing 401_shekel_function
on processing 413_shekel_function
on processing 430_shekel_function
on processing 000_step_function
on processing 101_step_function
on processing 131_step_function
on processing 210_step_function
on processing 302_step_function
on processing 410_step_function
on processing 422_step_function
on processing 02_quartic_noise_function
on processing 03_quartic_noise_function
on processing 033_quartic_noise_function
on processing 13_quartic_noise_function
on processing 20_quartic_noise_function
on processing 213_quartic_noise_function
on processing 303_quartic_noise_function
on processing 320_quartic_noise_function
on processing 400_quartic_noise_function
on processing 413_quartic_noise_function
on processing 430_quartic_noise_function
on processing 001_rastrigin_function
on processing 031_rastrigin_function
on processing 123_rastrigin_function
on processing 203_rastrigin_function
on processing 301_rastrigin_function
on processing 32_rastrigin_function
on processing 333_rastrigin_function
on processing 411_rastrigin_function
on processing 43_rastrigin_function
on processing 003_ackley_function
on processing 022_ackley_function
on processing 13_ackley_function
on processing 201_ackley_function
on processing 30_ackley_function
on processing 31_ackley_function
on processing 321_ackley_function
on processing 40_ackley_function
on processing 42_ackley_function
on processing 00_gold_stein_price_function
on processing 000_gold_stein_price_function
on processing 010_gold_stein_price_function
on processing 021_gold_stein_price_function
on processing 033_gold_stein_price_function
on processing 10_gold_stein_price_function
on processing 100_gold_stein_price_function
on processing 110_gold_stein_price_function
on processing 122_gold_stein_price_function
on processing 213_gold_stein_price_function
on processing 22_gold_stein_price_function
on processing 220_gold_stein_price_function
on processing 302_gold_stein_price_function
on processing 311_gold_stein_price_function
on processing 320_gold_stein_price_function
on processing 323_gold_stein_price_function
on processing 33_gold_stein_price_function
on processing 331_gold_stein_price_function
on processing 333_gold_stein_price_function
on processing 40_gold_stein_price_function
on processing 402_gold_stein_price_function
on processing 413_gold_stein_price_function
on processing 42_gold_stein_price_function
on processing 423_gold_stein_price_function
on processing 43_gold_stein_price_function
on processing 002_shekel_function
on processing 10_shekel_function
on processing 103_shekel_function
on processing 122_shekel_function
on processing 220_shekel_function
on processing 303_shekel_function
on processing 320_shekel_function
on processing 331_shekel_function
on processing 403_shekel_function
on processing 42_shekel_function
on processing 001_step_function
on processing 112_step_function
on processing 230_step_function
on processing 40_step_function
on processing 421_step_function
on processing 000_quartic_noise_function
on processing 11_quartic_noise_function
on processing 113_quartic_noise_function
on processing 200_quartic_noise_function
on processing 30_quartic_noise_function
on processing 31_quartic_noise_function
on processing 32_quartic_noise_function
on processing 401_quartic_noise_function
on processing 42_quartic_noise_function
on processing 002_rastrigin_function
on processing 212_rastrigin_function
on processing 231_ackley_function
on processing 403_ackley_function
on processing 421_ackley_function
on processing 433_ackley_function
on processing 132_gold_stein_price_function
on processing 221_gold_stein_price_function
on processing 301_gold_stein_price_function
on processing 303_gold_stein_price_function
on processing 31_gold_stein_price_function
on processing 312_gold_stein_price_function
on processing 322_gold_stein_price_function
on processing 332_gold_stein_price_function
on processing 410_gold_stein_price_function
on processing 412_gold_stein_price_function
on processing 431_gold_stein_price_function
on processing 003_shekel_function
on processing 021_shekel_function
on processing 100_shekel_function
on processing 112_shekel_function
on processing 21_shekel_function
on processing 222_shekel_function
on processing 011_step_function
on processing 110_step_function
on processing 13_step_function
on processing 132_step_function
on processing 233_step_function
on processing 402_step_function
on processing 012_quartic_noise_function
on processing 222_quartic_noise_function
on processing 103_rastrigin_function
on processing 130_rastrigin_function
on processing 210_rastrigin_function
on processing 302_rastrigin_function
on processing 410_rastrigin_function
on processing 422_rastrigin_function
on processing 102_ackley_function
on processing 202_ackley_function
on processing 201_shekel_function
on processing 232_shekel_function
on processing 020_step_function
on processing 100_step_function
on processing 123_step_function
on processing 21_step_function
on processing 222_step_function
on processing 032_quartic_noise_function
on processing 231_quartic_noise_function
on processing 331_quartic_noise_function
on processing 410_quartic_noise_function
on processing 422_quartic_noise_function
on processing 02_rastrigin_function
on processing 023_rastrigin_function
on processing 12_rastrigin_function
on processing 20_rastrigin_function
on processing 213_rastrigin_function
on processing 31_rastrigin_function
on processing 321_rastrigin_function
on processing 402_rastrigin_function
on processing 013_ackley_function
on processing 031_ackley_function
on processing 110_ackley_function
on processing 123_ackley_function
on processing 203_ackley_function
on processing 300_ackley_function
on processing 310_ackley_function
on processing 320_ackley_function
on processing 332_ackley_function
on processing 001_gold_stein_price_function
on processing 012_gold_stein_price_function
on processing 101_gold_stein_price_function
on processing 111_gold_stein_price_function
on processing 123_gold_stein_price_function
on processing 13_gold_stein_price_function
on processing 133_gold_stein_price_function
on processing 20_gold_stein_price_function
on processing 203_gold_stein_price_function
on processing 21_gold_stein_price_function
on processing 212_gold_stein_price_function
on processing 01_shekel_function
on processing 013_shekel_function
on processing 030_shekel_function
on processing 111_shekel_function
on processing 130_shekel_function
on processing 212_shekel_function
on processing 013_step_function
on processing 102_step_function
on processing 221_step_function
on processing 313_step_function
on processing 33_step_function
on processing 403_step_function
on processing 420_step_function
on processing 432_step_function
on processing 021_quartic_noise_function
on processing 111_quartic_noise_function
on processing 132_quartic_noise_function
on processing 233_quartic_noise_function
on processing 333_quartic_noise_function
on processing 412_quartic_noise_function
on processing 013_rastrigin_function
on processing 101_rastrigin_function
on processing 121_rastrigin_function
on processing 202_rastrigin_function
on processing 223_ackley_function
on processing 322_ackley_function
on processing 43_ackley_function
on processing 003_gold_stein_price_function
on processing 01_gold_stein_price_function
on processing 011_gold_stein_price_function
on processing 022_gold_stein_price_function
on processing 112_gold_stein_price_function
on processing 201_gold_stein_price_function
on processing 230_gold_stein_price_function
on processing 433_gold_stein_price_function
on processing 00_shekel_function
on processing 012_shekel_function
on processing 11_shekel_function
on processing 120_shekel_function
on processing 200_shekel_function
on processing 30_shekel_function
on processing 310_shekel_function
on processing 322_shekel_function
on processing 411_shekel_function
on processing 43_shekel_function
on processing 021_step_function
on processing 11_step_function
on processing 121_step_function
on processing 203_step_function
on processing 301_step_function
on processing 32_step_function
on processing 332_step_function
on processing 010_quartic_noise_function
on processing 100_quartic_noise_function
on processing 12_quartic_noise_function
on processing 133_quartic_noise_function
on processing 212_quartic_noise_function
on processing 100_rastrigin_function
on processing 113_rastrigin_function
on processing 200_rastrigin_function
on processing 30_rastrigin_function
on processing 311_rastrigin_function
on processing 33_rastrigin_function
on processing 400_rastrigin_function
on processing 413_rastrigin_function
on processing 430_rastrigin_function
on processing 001_ackley_function
on processing 021_ackley_function
on processing 100_ackley_function
on processing 113_ackley_function
on processing 130_ackley_function
on processing 210_ackley_function
on processing 301_ackley_function
on processing 312_ackley_function
on processing 411_ackley_function
on processing 423_ackley_function
on processing 013_gold_stein_price_function
on processing 02_gold_stein_price_function
on processing 020_gold_stein_price_function
on processing 032_gold_stein_price_function
on processing 200_gold_stein_price_function
on processing 223_gold_stein_price_function
on processing 23_gold_stein_price_function
on processing 232_gold_stein_price_function
on processing 132_shekel_function
on processing 223_shekel_function
on processing 313_shekel_function
on processing 33_shekel_function
on processing 400_shekel_function
on processing 412_shekel_function
on processing 431_shekel_function
on processing 00_step_function
on processing 033_step_function
on processing 120_step_function
on processing 201_step_function
on processing 300_step_function
on processing 312_step_function
on processing 43_step_function
on processing 00_quartic_noise_function
on processing 022_quartic_noise_function
on processing 220_quartic_noise_function
on processing 310_quartic_noise_function
on processing 323_quartic_noise_function
on processing 41_quartic_noise_function
on processing 423_quartic_noise_function
on processing 000_rastrigin_function
on processing 03_rastrigin_function
on processing 102_rastrigin_function
on processing 222_rastrigin_function
on processing 233_ackley_function
on processing 222_gold_stein_price_function
on processing 02_shekel_function
on processing 020_shekel_function
on processing 102_shekel_function
on processing 123_shekel_function
on processing 211_shekel_function
on processing 302_shekel_function
on processing 321_shekel_function
on processing 40_shekel_function
on processing 41_shekel_function
on processing 423_shekel_function
on processing 433_shekel_function
on processing 01_step_function
on processing 031_step_function
on processing 122_step_function
on processing 231_step_function
on processing 331_step_function
on processing 411_step_function
on processing 423_step_function
on processing 001_quartic_noise_function
on processing 10_quartic_noise_function
on processing 112_quartic_noise_function
on processing 223_quartic_noise_function
on processing 321_quartic_noise_function
on processing 402_quartic_noise_function
on processing 011_rastrigin_function
on processing 10_rastrigin_function
on processing 110_rastrigin_function
on processing 131_rastrigin_function
on processing 22_rastrigin_function
on processing 23_rastrigin_function
on processing 232_rastrigin_function
on processing 33_ackley_function
on processing 400_ackley_function
on processing 413_ackley_function
on processing 430_ackley_function
on processing 002_gold_stein_price_function
on processing 030_gold_stein_price_function
on processing 103_gold_stein_price_function
on processing 11_gold_stein_price_function
on processing 113_gold_stein_price_function
on processing 12_gold_stein_price_function
on processing 121_gold_stein_price_function
on processing 202_gold_stein_price_function
on processing 430_gold_stein_price_function
on processing 000_shekel_function
on processing 03_shekel_function
on processing 032_shekel_function
on processing 133_shekel_function
on processing 221_shekel_function
on processing 31_shekel_function
on processing 32_shekel_function
on processing 330_shekel_function
on processing 402_shekel_function
on processing 421_shekel_function
on processing 432_shekel_function
on processing 03_step_function
on processing 030_step_function
on processing 113_step_function
on processing 20_step_function
on processing 22_step_function
on processing 23_step_function
on processing 232_step_function
on processing 103_quartic_noise_function
on processing 123_quartic_noise_function
on processing 202_quartic_noise_function
on processing 032_rastrigin_function
on processing 223_rastrigin_function
on processing 320_rastrigin_function
on processing 40_rastrigin_function
on processing 42_rastrigin_function
on processing 000_ackley_function
on processing 020_ackley_function
on processing 033_ackley_function
on processing 12_ackley_function
on processing 133_ackley_function
on processing 211_ackley_function
on processing 302_ackley_function
on processing 333_ackley_function
on processing 410_ackley_function
on processing 422_ackley_function
on processing 022_shekel_function
on processing 121_shekel_function
on processing 203_shekel_function
on processing 233_shekel_function
on processing 003_step_function
on processing 103_step_function
on processing 130_step_function
on processing 202_step_function
on processing 023_quartic_noise_function
on processing 122_quartic_noise_function
on processing 230_quartic_noise_function
on processing 33_quartic_noise_function
on processing 40_quartic_noise_function
on processing 421_quartic_noise_function
on processing 00_rastrigin_function
on processing 020_rastrigin_function
on processing 112_rastrigin_function
on processing 230_rastrigin_function
on processing 322_rastrigin_function
on processing 00_ackley_function
on processing 010_ackley_function
on processing 023_ackley_function
on processing 101_ackley_function
on processing 120_ackley_function
on processing 20_ackley_function
on processing 213_ackley_function
on processing 303_ackley_function
on processing 32_ackley_function
on processing 331_ackley_function
on processing 412_ackley_function
on processing 401_gold_stein_price_function
on processing 411_gold_stein_price_function
on processing 421_gold_stein_price_function
on processing 432_gold_stein_price_function
on processing 011_shekel_function
on processing 031_shekel_function
on processing 110_shekel_function
on processing 13_shekel_function
on processing 202_shekel_function
on processing 010_step_function
on processing 10_step_function
on processing 12_step_function
on processing 200_step_function
on processing 30_step_function
on processing 310_step_function
on processing 323_step_function
on processing 401_step_function
on processing 42_step_function
on processing 003_quartic_noise_function
on processing 031_quartic_noise_function
on processing 131_quartic_noise_function
on processing 211_quartic_noise_function
on processing 312_quartic_noise_function
on processing 431_quartic_noise_function
on processing 003_rastrigin_function
on processing 030_rastrigin_function
on processing 120_rastrigin_function
on processing 201_rastrigin_function
on processing 300_rastrigin_function
on processing 312_rastrigin_function
on processing 432_rastrigin_function
on processing 132_ackley_function
on processing 23_ackley_function
on processing 230_ackley_function
on processing 402_ackley_function
on processing 102_gold_stein_price_function
on processing 130_gold_stein_price_function
on processing 210_gold_stein_price_function
on processing 231_gold_stein_price_function
on processing 001_shekel_function
on processing 023_shekel_function
on processing 101_shekel_function
on processing 113_shekel_function
on processing 20_shekel_function
on processing 213_shekel_function
on processing 301_shekel_function
on processing 312_shekel_function
on processing 332_shekel_function
on processing 420_shekel_function
on processing 02_step_function
on processing 032_step_function
on processing 223_step_function
on processing 322_step_function
on processing 433_step_function
on processing 011_quartic_noise_function
on processing 101_quartic_noise_function
on processing 121_quartic_noise_function
on processing 203_quartic_noise_function
on processing 301_quartic_noise_function
on processing 313_quartic_noise_function
on processing 332_quartic_noise_function
on processing 01_rastrigin_function
on processing 022_rastrigin_function
on processing 211_rastrigin_function
on processing 303_rastrigin_function
on processing 323_rastrigin_function
on processing 401_rastrigin_function
on processing 421_rastrigin_function
on processing 433_rastrigin_function
on processing 011_ackley_function
on processing 030_ackley_function
on processing 11_ackley_function
on processing 121_ackley_function
on processing 200_ackley_function
on processing 232_ackley_function
on processing 023_step_function
on processing 111_step_function
on processing 133_step_function
on processing 220_step_function
on processing 311_step_function
on processing 330_step_function
on processing 41_step_function
on processing 431_step_function
on processing 01_quartic_noise_function
on processing 020_quartic_noise_function
on processing 110_quartic_noise_function
on processing 130_quartic_noise_function
on processing 210_quartic_noise_function
on processing 302_quartic_noise_function
on processing 411_quartic_noise_function
on processing 43_quartic_noise_function
on processing 433_quartic_noise_function
on processing 010_rastrigin_function
on processing 033_rastrigin_function
on processing 13_rastrigin_function
on processing 132_rastrigin_function
on processing 233_rastrigin_function
on processing 412_rastrigin_function
on processing 10_ackley_function
on processing 111_ackley_function
on processing 131_ackley_function
on processing 212_ackley_function
on processing 231_shekel_function
on processing 002_step_function
on processing 213_step_function
on processing 303_step_function
on processing 320_step_function
on processing 333_step_function
on processing 412_step_function
on processing 013_quartic_noise_function
on processing 102_quartic_noise_function
on processing 22_quartic_noise_function
on processing 23_quartic_noise_function
on processing 232_quartic_noise_function
on processing 111_rastrigin_function
on processing 133_rastrigin_function
on processing 220_rastrigin_function
on processing 310_rastrigin_function
on processing 330_rastrigin_function
on processing 403_rastrigin_function
on processing 420_rastrigin_function
on processing 431_rastrigin_function
on processing 012_ackley_function
on processing 112_ackley_function
on processing 22_ackley_function
on processing 222_ackley_function
running 16514.027000 sconds
